<?xml version="1.0" encoding="UTF-8"?>
<!-- Generated by org.testng.reporters.JUnitReportReporter -->
<testsuite hostname="LAPTOP-5ONM4F1J" failures="0" tests="4" name="runner.RunCuke" time="41.224" errors="0" timestamp="2025-01-05T14:11:30 IST" skipped="0">
  <testcase classname="runner.RunCuke" name="runScenario" time="11.305"/>
  <testcase classname="runner.RunCuke" name="runScenario" time="10.364"/>
  <testcase classname="runner.RunCuke" name="runScenario" time="9.848"/>
  <testcase classname="runner.RunCuke" name="runScenario" time="9.707"/>
</testsuite> <!-- runner.RunCuke -->
