<?xml version="1.0" encoding="UTF-8"?>
<!-- Generated by org.testng.reporters.JUnitReportReporter -->
<testsuite hostname="LAPTOP-5ONM4F1J" failures="0" tests="1" name="runner.RunCuke" time="0.132" errors="0" timestamp="2025-01-04T15:53:24 IST" skipped="0">
  <testcase classname="runner.RunCuke" name="runScenario" time="0.132"/>
</testsuite> <!-- runner.RunCuke -->
